<?xml version="1.0" encoding="UTF-8"?>
<testsuite xmlns:xsi="http://www.w3.org/2001/XMLSchema-instance" xsi:noNamespaceSchemaLocation="https://maven.apache.org/surefire/maven-surefire-plugin/xsd/surefire-test-report-3.0.xsd" version="3.0" name="TestSuite" time="195.594" tests="10" errors="0" skipped="0" failures="0">
  <properties>
    <property name="sun.desktop" value="windows"/>
    <property name="awt.toolkit" value="sun.awt.windows.WToolkit"/>
    <property name="file.encoding.pkg" value="sun.io"/>
    <property name="java.specification.version" value="1.8"/>
    <property name="webdriver.chrome.driver" value="C:\chromenew1\chromedriver.exe"/>
    <property name="sun.cpu.isalist" value="amd64"/>
    <property name="sun.jnu.encoding" value="Cp1252"/>
    <property name="java.class.path" value="C:\Users\NITIN\eclipse-workspace\Question1BDD\target\test-classes;C:\Users\NITIN\eclipse-workspace\Question1BDD\target\classes;C:\Users\NITIN\.m2\repository\org\seleniumhq\selenium\selenium-java\3.141.59\selenium-java-3.141.59.jar;C:\Users\NITIN\.m2\repository\org\seleniumhq\selenium\selenium-api\3.141.59\selenium-api-3.141.59.jar;C:\Users\NITIN\.m2\repository\org\seleniumhq\selenium\selenium-chrome-driver\3.141.59\selenium-chrome-driver-3.141.59.jar;C:\Users\NITIN\.m2\repository\org\seleniumhq\selenium\selenium-edge-driver\3.141.59\selenium-edge-driver-3.141.59.jar;C:\Users\NITIN\.m2\repository\org\seleniumhq\selenium\selenium-firefox-driver\3.141.59\selenium-firefox-driver-3.141.59.jar;C:\Users\NITIN\.m2\repository\org\seleniumhq\selenium\selenium-ie-driver\3.141.59\selenium-ie-driver-3.141.59.jar;C:\Users\NITIN\.m2\repository\org\seleniumhq\selenium\selenium-opera-driver\3.141.59\selenium-opera-driver-3.141.59.jar;C:\Users\NITIN\.m2\repository\org\seleniumhq\selenium\selenium-remote-driver\3.141.59\selenium-remote-driver-3.141.59.jar;C:\Users\NITIN\.m2\repository\org\seleniumhq\selenium\selenium-safari-driver\3.141.59\selenium-safari-driver-3.141.59.jar;C:\Users\NITIN\.m2\repository\org\seleniumhq\selenium\selenium-support\3.141.59\selenium-support-3.141.59.jar;C:\Users\NITIN\.m2\repository\net\bytebuddy\byte-buddy\1.8.15\byte-buddy-1.8.15.jar;C:\Users\NITIN\.m2\repository\org\apache\commons\commons-exec\1.3\commons-exec-1.3.jar;C:\Users\NITIN\.m2\repository\com\google\guava\guava\25.0-jre\guava-25.0-jre.jar;C:\Users\NITIN\.m2\repository\com\google\code\findbugs\jsr305\1.3.9\jsr305-1.3.9.jar;C:\Users\NITIN\.m2\repository\org\checkerframework\checker-compat-qual\2.0.0\checker-compat-qual-2.0.0.jar;C:\Users\NITIN\.m2\repository\com\google\errorprone\error_prone_annotations\2.1.3\error_prone_annotations-2.1.3.jar;C:\Users\NITIN\.m2\repository\com\google\j2objc\j2objc-annotations\1.1\j2objc-annotations-1.1.jar;C:\Users\NITIN\.m2\repository\org\codehaus\mojo\animal-sniffer-annotations\1.14\animal-sniffer-annotations-1.14.jar;C:\Users\NITIN\.m2\repository\com\squareup\okhttp3\okhttp\3.11.0\okhttp-3.11.0.jar;C:\Users\NITIN\.m2\repository\com\squareup\okio\okio\1.14.0\okio-1.14.0.jar;C:\Users\NITIN\.m2\repository\org\testng\testng\6.14.3\testng-6.14.3.jar;C:\Users\NITIN\.m2\repository\com\beust\jcommander\1.72\jcommander-1.72.jar;C:\Users\NITIN\.m2\repository\org\apache-extras\beanshell\bsh\2.0b6\bsh-2.0b6.jar;C:\Users\NITIN\.m2\repository\org\apache\directory\studio\org.apache.commons.io\2.4\org.apache.commons.io-2.4.jar;C:\Users\NITIN\.m2\repository\commons-io\commons-io\2.4\commons-io-2.4.jar;C:\Users\NITIN\.m2\repository\org\apache\poi\poi\4.1.2\poi-4.1.2.jar;C:\Users\NITIN\.m2\repository\commons-codec\commons-codec\1.13\commons-codec-1.13.jar;C:\Users\NITIN\.m2\repository\org\apache\commons\commons-collections4\4.4\commons-collections4-4.4.jar;C:\Users\NITIN\.m2\repository\org\apache\commons\commons-math3\3.6.1\commons-math3-3.6.1.jar;C:\Users\NITIN\.m2\repository\com\zaxxer\SparseBitSet\1.2\SparseBitSet-1.2.jar;C:\Users\NITIN\.m2\repository\org\apache\poi\poi-ooxml\4.1.2\poi-ooxml-4.1.2.jar;C:\Users\NITIN\.m2\repository\org\apache\poi\poi-ooxml-schemas\4.1.2\poi-ooxml-schemas-4.1.2.jar;C:\Users\NITIN\.m2\repository\org\apache\xmlbeans\xmlbeans\3.1.0\xmlbeans-3.1.0.jar;C:\Users\NITIN\.m2\repository\org\apache\commons\commons-compress\1.19\commons-compress-1.19.jar;C:\Users\NITIN\.m2\repository\com\github\virtuald\curvesapi\1.06\curvesapi-1.06.jar;C:\Users\NITIN\.m2\repository\log4j\log4j\1.2.17\log4j-1.2.17.jar;C:\Users\NITIN\.m2\repository\com\aventstack\extentreports\5.0.1\extentreports-5.0.1.jar;C:\Users\NITIN\.m2\repository\io\reactivex\rxjava3\rxjava\3.0.4\rxjava-3.0.4.jar;C:\Users\NITIN\.m2\repository\org\reactivestreams\reactive-streams\1.0.3\reactive-streams-1.0.3.jar;C:\Users\NITIN\.m2\repository\org\freemarker\freemarker\2.3.30\freemarker-2.3.30.jar;C:\Users\NITIN\.m2\repository\org\projectlombok\lombok\1.18.12\lombok-1.18.12.jar;C:\Users\NITIN\.m2\repository\com\google\code\gson\gson\2.8.6\gson-2.8.6.jar;C:\Users\NITIN\.m2\repository\io\cucumber\cucumber-junit\7.0.0\cucumber-junit-7.0.0.jar;C:\Users\NITIN\.m2\repository\org\apiguardian\apiguardian-api\1.1.2\apiguardian-api-1.1.2.jar;C:\Users\NITIN\.m2\repository\io\cucumber\cucumber-core\7.0.0\cucumber-core-7.0.0.jar;C:\Users\NITIN\.m2\repository\io\cucumber\cucumber-gherkin\7.0.0\cucumber-gherkin-7.0.0.jar;C:\Users\NITIN\.m2\repository\io\cucumber\cucumber-gherkin-messages\7.0.0\cucumber-gherkin-messages-7.0.0.jar;C:\Users\NITIN\.m2\repository\io\cucumber\messages\17.1.1\messages-17.1.1.jar;C:\Users\NITIN\.m2\repository\io\cucumber\tag-expressions\4.0.2\tag-expressions-4.0.2.jar;C:\Users\NITIN\.m2\repository\io\cucumber\cucumber-expressions\13.0.1\cucumber-expressions-13.0.1.jar;C:\Users\NITIN\.m2\repository\io\cucumber\datatable\7.0.0\datatable-7.0.0.jar;C:\Users\NITIN\.m2\repository\io\cucumber\cucumber-plugin\7.0.0\cucumber-plugin-7.0.0.jar;C:\Users\NITIN\.m2\repository\io\cucumber\docstring\7.0.0\docstring-7.0.0.jar;C:\Users\NITIN\.m2\repository\io\cucumber\html-formatter\17.0.0\html-formatter-17.0.0.jar;C:\Users\NITIN\.m2\repository\io\cucumber\create-meta\6.0.1\create-meta-6.0.1.jar;C:\Users\NITIN\.m2\repository\junit\junit\4.13.2\junit-4.13.2.jar;C:\Users\NITIN\.m2\repository\org\hamcrest\hamcrest-core\1.3\hamcrest-core-1.3.jar;C:\Users\NITIN\.m2\repository\io\cucumber\cucumber-jvm-deps\1.0.6\cucumber-jvm-deps-1.0.6.jar;C:\Users\NITIN\.m2\repository\io\cucumber\cucumber-testng\7.0.0\cucumber-testng-7.0.0.jar;C:\Users\NITIN\.m2\repository\io\cucumber\cucumber-java\7.0.0\cucumber-java-7.0.0.jar;"/>
    <property name="java.vm.vendor" value="Oracle Corporation"/>
    <property name="sun.arch.data.model" value="64"/>
    <property name="user.variant" value=""/>
    <property name="java.vendor.url" value="http://java.oracle.com/"/>
    <property name="user.timezone" value="Asia/Calcutta"/>
    <property name="java.vm.specification.version" value="1.8"/>
    <property name="os.name" value="Windows 10"/>
    <property name="user.country" value="IN"/>
    <property name="sun.java.launcher" value="SUN_STANDARD"/>
    <property name="sun.boot.library.path" value="C:\Program Files\Java\jdk1.8.0_202\jre\bin"/>
    <property name="sun.java.command" value="C:\Users\NITIN\AppData\Local\Temp\surefire1025220410069329393\surefirebooter6152493810847394834.jar C:\Users\NITIN\AppData\Local\Temp\surefire1025220410069329393 2021-11-20T13-22-46_145-jvmRun1 surefire5544909838977831341tmp surefire_07241264097578282429tmp"/>
    <property name="surefire.test.class.path" value="C:\Users\NITIN\eclipse-workspace\Question1BDD\target\test-classes;C:\Users\NITIN\eclipse-workspace\Question1BDD\target\classes;C:\Users\NITIN\.m2\repository\org\seleniumhq\selenium\selenium-java\3.141.59\selenium-java-3.141.59.jar;C:\Users\NITIN\.m2\repository\org\seleniumhq\selenium\selenium-api\3.141.59\selenium-api-3.141.59.jar;C:\Users\NITIN\.m2\repository\org\seleniumhq\selenium\selenium-chrome-driver\3.141.59\selenium-chrome-driver-3.141.59.jar;C:\Users\NITIN\.m2\repository\org\seleniumhq\selenium\selenium-edge-driver\3.141.59\selenium-edge-driver-3.141.59.jar;C:\Users\NITIN\.m2\repository\org\seleniumhq\selenium\selenium-firefox-driver\3.141.59\selenium-firefox-driver-3.141.59.jar;C:\Users\NITIN\.m2\repository\org\seleniumhq\selenium\selenium-ie-driver\3.141.59\selenium-ie-driver-3.141.59.jar;C:\Users\NITIN\.m2\repository\org\seleniumhq\selenium\selenium-opera-driver\3.141.59\selenium-opera-driver-3.141.59.jar;C:\Users\NITIN\.m2\repository\org\seleniumhq\selenium\selenium-remote-driver\3.141.59\selenium-remote-driver-3.141.59.jar;C:\Users\NITIN\.m2\repository\org\seleniumhq\selenium\selenium-safari-driver\3.141.59\selenium-safari-driver-3.141.59.jar;C:\Users\NITIN\.m2\repository\org\seleniumhq\selenium\selenium-support\3.141.59\selenium-support-3.141.59.jar;C:\Users\NITIN\.m2\repository\net\bytebuddy\byte-buddy\1.8.15\byte-buddy-1.8.15.jar;C:\Users\NITIN\.m2\repository\org\apache\commons\commons-exec\1.3\commons-exec-1.3.jar;C:\Users\NITIN\.m2\repository\com\google\guava\guava\25.0-jre\guava-25.0-jre.jar;C:\Users\NITIN\.m2\repository\com\google\code\findbugs\jsr305\1.3.9\jsr305-1.3.9.jar;C:\Users\NITIN\.m2\repository\org\checkerframework\checker-compat-qual\2.0.0\checker-compat-qual-2.0.0.jar;C:\Users\NITIN\.m2\repository\com\google\errorprone\error_prone_annotations\2.1.3\error_prone_annotations-2.1.3.jar;C:\Users\NITIN\.m2\repository\com\google\j2objc\j2objc-annotations\1.1\j2objc-annotations-1.1.jar;C:\Users\NITIN\.m2\repository\org\codehaus\mojo\animal-sniffer-annotations\1.14\animal-sniffer-annotations-1.14.jar;C:\Users\NITIN\.m2\repository\com\squareup\okhttp3\okhttp\3.11.0\okhttp-3.11.0.jar;C:\Users\NITIN\.m2\repository\com\squareup\okio\okio\1.14.0\okio-1.14.0.jar;C:\Users\NITIN\.m2\repository\org\testng\testng\6.14.3\testng-6.14.3.jar;C:\Users\NITIN\.m2\repository\com\beust\jcommander\1.72\jcommander-1.72.jar;C:\Users\NITIN\.m2\repository\org\apache-extras\beanshell\bsh\2.0b6\bsh-2.0b6.jar;C:\Users\NITIN\.m2\repository\org\apache\directory\studio\org.apache.commons.io\2.4\org.apache.commons.io-2.4.jar;C:\Users\NITIN\.m2\repository\commons-io\commons-io\2.4\commons-io-2.4.jar;C:\Users\NITIN\.m2\repository\org\apache\poi\poi\4.1.2\poi-4.1.2.jar;C:\Users\NITIN\.m2\repository\commons-codec\commons-codec\1.13\commons-codec-1.13.jar;C:\Users\NITIN\.m2\repository\org\apache\commons\commons-collections4\4.4\commons-collections4-4.4.jar;C:\Users\NITIN\.m2\repository\org\apache\commons\commons-math3\3.6.1\commons-math3-3.6.1.jar;C:\Users\NITIN\.m2\repository\com\zaxxer\SparseBitSet\1.2\SparseBitSet-1.2.jar;C:\Users\NITIN\.m2\repository\org\apache\poi\poi-ooxml\4.1.2\poi-ooxml-4.1.2.jar;C:\Users\NITIN\.m2\repository\org\apache\poi\poi-ooxml-schemas\4.1.2\poi-ooxml-schemas-4.1.2.jar;C:\Users\NITIN\.m2\repository\org\apache\xmlbeans\xmlbeans\3.1.0\xmlbeans-3.1.0.jar;C:\Users\NITIN\.m2\repository\org\apache\commons\commons-compress\1.19\commons-compress-1.19.jar;C:\Users\NITIN\.m2\repository\com\github\virtuald\curvesapi\1.06\curvesapi-1.06.jar;C:\Users\NITIN\.m2\repository\log4j\log4j\1.2.17\log4j-1.2.17.jar;C:\Users\NITIN\.m2\repository\com\aventstack\extentreports\5.0.1\extentreports-5.0.1.jar;C:\Users\NITIN\.m2\repository\io\reactivex\rxjava3\rxjava\3.0.4\rxjava-3.0.4.jar;C:\Users\NITIN\.m2\repository\org\reactivestreams\reactive-streams\1.0.3\reactive-streams-1.0.3.jar;C:\Users\NITIN\.m2\repository\org\freemarker\freemarker\2.3.30\freemarker-2.3.30.jar;C:\Users\NITIN\.m2\repository\org\projectlombok\lombok\1.18.12\lombok-1.18.12.jar;C:\Users\NITIN\.m2\repository\com\google\code\gson\gson\2.8.6\gson-2.8.6.jar;C:\Users\NITIN\.m2\repository\io\cucumber\cucumber-junit\7.0.0\cucumber-junit-7.0.0.jar;C:\Users\NITIN\.m2\repository\org\apiguardian\apiguardian-api\1.1.2\apiguardian-api-1.1.2.jar;C:\Users\NITIN\.m2\repository\io\cucumber\cucumber-core\7.0.0\cucumber-core-7.0.0.jar;C:\Users\NITIN\.m2\repository\io\cucumber\cucumber-gherkin\7.0.0\cucumber-gherkin-7.0.0.jar;C:\Users\NITIN\.m2\repository\io\cucumber\cucumber-gherkin-messages\7.0.0\cucumber-gherkin-messages-7.0.0.jar;C:\Users\NITIN\.m2\repository\io\cucumber\messages\17.1.1\messages-17.1.1.jar;C:\Users\NITIN\.m2\repository\io\cucumber\tag-expressions\4.0.2\tag-expressions-4.0.2.jar;C:\Users\NITIN\.m2\repository\io\cucumber\cucumber-expressions\13.0.1\cucumber-expressions-13.0.1.jar;C:\Users\NITIN\.m2\repository\io\cucumber\datatable\7.0.0\datatable-7.0.0.jar;C:\Users\NITIN\.m2\repository\io\cucumber\cucumber-plugin\7.0.0\cucumber-plugin-7.0.0.jar;C:\Users\NITIN\.m2\repository\io\cucumber\docstring\7.0.0\docstring-7.0.0.jar;C:\Users\NITIN\.m2\repository\io\cucumber\html-formatter\17.0.0\html-formatter-17.0.0.jar;C:\Users\NITIN\.m2\repository\io\cucumber\create-meta\6.0.1\create-meta-6.0.1.jar;C:\Users\NITIN\.m2\repository\junit\junit\4.13.2\junit-4.13.2.jar;C:\Users\NITIN\.m2\repository\org\hamcrest\hamcrest-core\1.3\hamcrest-core-1.3.jar;C:\Users\NITIN\.m2\repository\io\cucumber\cucumber-jvm-deps\1.0.6\cucumber-jvm-deps-1.0.6.jar;C:\Users\NITIN\.m2\repository\io\cucumber\cucumber-testng\7.0.0\cucumber-testng-7.0.0.jar;C:\Users\NITIN\.m2\repository\io\cucumber\cucumber-java\7.0.0\cucumber-java-7.0.0.jar;"/>
    <property name="sun.cpu.endian" value="little"/>
    <property name="user.home" value="C:\Users\NITIN"/>
    <property name="user.language" value="en"/>
    <property name="java.specification.vendor" value="Oracle Corporation"/>
    <property name="java.home" value="C:\Program Files\Java\jdk1.8.0_202\jre"/>
    <property name="basedir" value="C:\Users\NITIN\eclipse-workspace\Question1BDD"/>
    <property name="file.separator" value="\"/>
    <property name="line.separator" value="&#10;"/>
    <property name="java.vm.specification.vendor" value="Oracle Corporation"/>
    <property name="java.specification.name" value="Java Platform API Specification"/>
    <property name="java.awt.graphicsenv" value="sun.awt.Win32GraphicsEnvironment"/>
    <property name="surefire.real.class.path" value="C:\Users\NITIN\AppData\Local\Temp\surefire1025220410069329393\surefirebooter6152493810847394834.jar"/>
    <property name="sun.boot.class.path" value="C:\Program Files\Java\jdk1.8.0_202\jre\lib\resources.jar;C:\Program Files\Java\jdk1.8.0_202\jre\lib\rt.jar;C:\Program Files\Java\jdk1.8.0_202\jre\lib\sunrsasign.jar;C:\Program Files\Java\jdk1.8.0_202\jre\lib\jsse.jar;C:\Program Files\Java\jdk1.8.0_202\jre\lib\jce.jar;C:\Program Files\Java\jdk1.8.0_202\jre\lib\charsets.jar;C:\Program Files\Java\jdk1.8.0_202\jre\lib\jfr.jar;C:\Program Files\Java\jdk1.8.0_202\jre\classes"/>
    <property name="user.script" value=""/>
    <property name="sun.management.compiler" value="HotSpot 64-Bit Tiered Compilers"/>
    <property name="java.runtime.version" value="1.8.0_202-b08"/>
    <property name="user.name" value="NITIN"/>
    <property name="path.separator" value=";"/>
    <property name="os.version" value="10.0"/>
    <property name="java.endorsed.dirs" value="C:\Program Files\Java\jdk1.8.0_202\jre\lib\endorsed"/>
    <property name="java.runtime.name" value="Java(TM) SE Runtime Environment"/>
    <property name="file.encoding" value="Cp1252"/>
    <property name="java.vm.name" value="Java HotSpot(TM) 64-Bit Server VM"/>
    <property name="localRepository" value="C:\Users\NITIN\.m2\repository"/>
    <property name="java.vendor.url.bug" value="http://bugreport.sun.com/bugreport/"/>
    <property name="java.io.tmpdir" value="C:\Users\NITIN\AppData\Local\Temp\"/>
    <property name="java.version" value="1.8.0_202"/>
    <property name="user.dir" value="C:\Users\NITIN\eclipse-workspace\Question1BDD"/>
    <property name="os.arch" value="amd64"/>
    <property name="java.vm.specification.name" value="Java Virtual Machine Specification"/>
    <property name="java.awt.printerjob" value="sun.awt.windows.WPrinterJob"/>
    <property name="sun.os.patch.level" value=""/>
    <property name="java.library.path" value="C:\Program Files\Java\jdk1.8.0_202\jre\bin;C:\WINDOWS\Sun\Java\bin;C:\WINDOWS\system32;C:\WINDOWS;C:/Users/NITIN/.p2/pool/plugins/org.eclipse.justj.openjdk.hotspot.jre.full.win32.x86_64_17.0.0.v20211012-1059/jre/bin/server;C:/Users/NITIN/.p2/pool/plugins/org.eclipse.justj.openjdk.hotspot.jre.full.win32.x86_64_17.0.0.v20211012-1059/jre/bin;C:\Program Files (x86)\Common Files\Oracle\Java\javapath;C:\WINDOWS\system32;C:\WINDOWS;C:\WINDOWS\System32\Wbem;C:\WINDOWS\System32\WindowsPowerShell\v1.0\;C:\WINDOWS\System32\OpenSSH\;C:\Program Files (x86)\Intel\Intel(R) Management Engine Components\DAL;C:\Program Files\Intel\Intel(R) Management Engine Components\DAL;C:\Program Files (x86)\Bitvise SSH Client;C:\CodeBlocks\MinGW\bin;C:\GnuWin32\bin;C:\Users\NITIN\AppData\Roaming\Microsoft\Windows\Start Menu\Programs\Python 3.8;C:\ProgramData\chocolatey\bin;C:\Program Files (x86)\Microsoft SQL Server\110\Tools\Binn\;C:\Program Files\Microsoft SQL Server\110\Tools\Binn\;C:\Program Files\Microsoft SQL Server\110\DTS\Binn\;C:\Program Files (x86)\Common Files\AspenTech Shared\;C:\Program Files\Java\jdk1.8.0_202\bin;%MAVEN_HOME%\bin;%MAVEN_HOME%\bin.;D:\maven\apache-maven-3.8.3\bin;C:\Program Files\Git\cmd;C:\Python37\Scripts\;C:\Python37\;C:\Users\NITIN\AppData\Local\Microsoft\WindowsApps;;C:\Program Files\JetBrains\PyCharm Community Edition 2019.3.4\bin;;C:\PyCharm 2019.3.4\bin;;AspenTech\Aspen Hydraulics;C:\Users\NITIN\eclipse\java-2021-09\eclipse;;."/>
    <property name="java.vm.info" value="mixed mode"/>
    <property name="java.vendor" value="Oracle Corporation"/>
    <property name="java.vm.version" value="25.202-b08"/>
    <property name="java.ext.dirs" value="C:\Program Files\Java\jdk1.8.0_202\jre\lib\ext;C:\WINDOWS\Sun\Java\lib\ext"/>
    <property name="sun.io.unicode.encoding" value="UnicodeLittle"/>
    <property name="java.class.version" value="52.0"/>
  </properties>
  <testcase name="runScenario[&quot;clicking on coffee mug&quot;, &quot;Optional[Add Coffee Mug to Cart]&quot;](1)" classname="runnerBDD.Runner" time="28.452">
    <system-out><![CDATA[2021.11.20.13.22.48-----------
Test-Report2021.11.20.13.22.48.html
2021-11-20 13:22:51,851 INFO TestCase 1 
2021-11-20 13:22:51,851 INFO Browser has been invoked 
2021-11-20 13:23:04,902 INFO Landed on Website home page 
2021-11-20 13:23:05,143 INFO Entered coffee mugs iin search bar 
2021-11-20 13:23:09,743 INFO clicked on enter 
2021-11-20 13:23:12,953 INFO Clicked on the coffee mug item 
2021-11-20 13:23:13,150 INFO Added Coffee mug to the cart 
]]></system-out>
    <system-err><![CDATA[log4j:WARN No such property [maxBackUpIndex] in utilitiesBDD.logBDD.
log4j:WARN No such property [maxFileSize] in utilitiesBDD.logBDD.
Starting ChromeDriver 96.0.4664.45 (76e4c1bb2ab4671b8beba3444e61c0f17584b2fc-refs/branch-heads/4664@{#947}) on port 41522
Only local connections are allowed.
Please see https://chromedriver.chromium.org/security-considerations for suggestions on keeping ChromeDriver safe.
ChromeDriver was started successfully.
Nov 20, 2021 1:22:51 PM org.openqa.selenium.remote.ProtocolHandshake createSession
INFO: Detected dialect: W3C
TEST SUCCESS
]]></system-err>
  </testcase>
  <testcase name="runScenario[&quot;Add details to form&quot;, &quot;Optional[Working on spreadsheet]&quot;](2)" classname="runnerBDD.Runner" time="12.194">
    <system-out><![CDATA[2021.11.20.13.23.17-----------
Test-Report2021.11.20.13.23.17.html
2021-11-20 13:23:18,883 INFO Browser has been invoked 
2021-11-20 13:23:24,221 INFO landed on HomePage 
2021-11-20 13:23:26,977 INFO Clicked on Corporate Gift 
2021-11-20 13:23:27,446 INFO Entered the name 
2021-11-20 13:23:27,540 INFO Entered the Email 
2021-11-20 13:23:27,686 INFO Entered the number 
2021-11-20 13:23:27,799 INFO Entered the enquiry text 
2021-11-20 13:23:28,476 INFO Clicked on subit button 
]]></system-out>
    <system-err><![CDATA[Starting ChromeDriver 96.0.4664.45 (76e4c1bb2ab4671b8beba3444e61c0f17584b2fc-refs/branch-heads/4664@{#947}) on port 13391
Only local connections are allowed.
Please see https://chromedriver.chromium.org/security-considerations for suggestions on keeping ChromeDriver safe.
ChromeDriver was started successfully.
Nov 20, 2021 1:23:18 PM org.openqa.selenium.remote.ProtocolHandshake createSession
INFO: Detected dialect: W3C
TEST SUCCESS
]]></system-err>
  </testcase>
  <testcase name="runScenario[&quot;Checking Hower DropDown&quot;, &quot;Optional[Working on Hover Dropdown]&quot;](3)" classname="runnerBDD.Runner" time="19.244">
    <system-out><![CDATA[2021.11.20.13.23.29-----------
Test-Report2021.11.20.13.23.29.html
2021-11-20 13:23:32,384 INFO Browser has been invoked 
2021-11-20 13:23:40,993 INFO landed on HomePage 
2021-11-20 13:23:40,995 INFO Hovered on Gifts dropdown 
2021-11-20 13:23:41,380 INFO hovered on Birthday gifts and clicked on it 
]]></system-out>
    <system-err><![CDATA[Starting ChromeDriver 96.0.4664.45 (76e4c1bb2ab4671b8beba3444e61c0f17584b2fc-refs/branch-heads/4664@{#947}) on port 9617
Only local connections are allowed.
Please see https://chromedriver.chromium.org/security-considerations for suggestions on keeping ChromeDriver safe.
ChromeDriver was started successfully.
Nov 20, 2021 1:23:32 PM org.openqa.selenium.remote.ProtocolHandshake createSession
INFO: Detected dialect: W3C
TEST SUCCESS
]]></system-err>
  </testcase>
  <testcase name="runScenario[&quot;Adding Gift Note&quot;, &quot;Optional[Working on Gift Note]&quot;](4)" classname="runnerBDD.Runner" time="20.134">
    <system-out><![CDATA[2021.11.20.13.23.48-----------
Test-Report2021.11.20.13.23.48.html
2021-11-20 13:23:50,671 INFO Browser has been invoked 
2021-11-20 13:23:56,701 INFO landed on HomePage 
2021-11-20 13:23:59,007 INFO clicked on Christmas gifts 
2021-11-20 13:24:03,111 INFO Selected the required item 
2021-11-20 13:24:03,308 INFO Added the Item to the cart 
2021-11-20 13:24:08,485 INFO Added a gift note to it 
]]></system-out>
    <system-err><![CDATA[Starting ChromeDriver 96.0.4664.45 (76e4c1bb2ab4671b8beba3444e61c0f17584b2fc-refs/branch-heads/4664@{#947}) on port 4533
Only local connections are allowed.
Please see https://chromedriver.chromium.org/security-considerations for suggestions on keeping ChromeDriver safe.
ChromeDriver was started successfully.
Nov 20, 2021 1:23:50 PM org.openqa.selenium.remote.ProtocolHandshake createSession
INFO: Detected dialect: W3C
TEST SUCCESS
]]></system-err>
  </testcase>
  <testcase name="runScenario[&quot;Checking for delivery Availability&quot;, &quot;Optional[Working on Delivery Availability]&quot;](5)" classname="runnerBDD.Runner" time="20.443">
    <system-out><![CDATA[2021.11.20.13.24.08-----------
Test-Report2021.11.20.13.24.08.html
2021-11-20 13:24:11,002 INFO Browser has been invoked 
2021-11-20 13:24:19,566 INFO landed on HomePage 
2021-11-20 13:24:22,005 INFO clicked on Top 50 Category 
2021-11-20 13:24:24,862 INFO Selected the Item 
2021-11-20 13:24:25,053 INFO Entered the pincode 
2021-11-20 13:24:25,204 INFO Clicked on check 
]]></system-out>
    <system-err><![CDATA[Starting ChromeDriver 96.0.4664.45 (76e4c1bb2ab4671b8beba3444e61c0f17584b2fc-refs/branch-heads/4664@{#947}) on port 27159
Only local connections are allowed.
Please see https://chromedriver.chromium.org/security-considerations for suggestions on keeping ChromeDriver safe.
ChromeDriver was started successfully.
Nov 20, 2021 1:24:11 PM org.openqa.selenium.remote.ProtocolHandshake createSession
INFO: Detected dialect: W3C
TEST SUCCESS
]]></system-err>
  </testcase>
  <testcase name="runScenario[&quot;Clicking on 18th birthday gifts&quot;, &quot;Optional[Working on 18th birthday gifts]&quot;](6)" classname="runnerBDD.Runner" time="18.242">
    <system-out><![CDATA[2021.11.20.13.24.29-----------
Test-Report2021.11.20.13.24.29.html
2021-11-20 13:24:31,660 INFO Browser has been invoked 
2021-11-20 13:24:40,193 INFO landed on HomePage 
2021-11-20 13:24:40,527 INFO Hovered on Birthday gifts 
2021-11-20 13:24:43,383 INFO Hovered on 18th birthday gifts and clicked on it 
]]></system-out>
    <system-err><![CDATA[Starting ChromeDriver 96.0.4664.45 (76e4c1bb2ab4671b8beba3444e61c0f17584b2fc-refs/branch-heads/4664@{#947}) on port 38461
Only local connections are allowed.
Please see https://chromedriver.chromium.org/security-considerations for suggestions on keeping ChromeDriver safe.
ChromeDriver was started successfully.
Nov 20, 2021 1:24:31 PM org.openqa.selenium.remote.ProtocolHandshake createSession
INFO: Detected dialect: W3C
TEST SUCCESS
]]></system-err>
  </testcase>
  <testcase name="runScenario[&quot;To increase product quantity&quot;, &quot;Optional[Working on product quantity]&quot;](7)" classname="runnerBDD.Runner" time="19.607">
    <system-out><![CDATA[2021.11.20.13.24.47-----------
Test-Report2021.11.20.13.24.47.html
2021-11-20 13:24:48,870 INFO Browser has been invoked 
2021-11-20 13:24:55,987 INFO landed on HomePage 
2021-11-20 13:24:58,865 INFO New Category 
2021-11-20 13:25:02,918 INFO Clicked on the item 
2021-11-20 13:25:03,043 INFO increased the quantity to 2 
]]></system-out>
    <system-err><![CDATA[Starting ChromeDriver 96.0.4664.45 (76e4c1bb2ab4671b8beba3444e61c0f17584b2fc-refs/branch-heads/4664@{#947}) on port 35076
Only local connections are allowed.
Please see https://chromedriver.chromium.org/security-considerations for suggestions on keeping ChromeDriver safe.
ChromeDriver was started successfully.
Nov 20, 2021 1:24:48 PM org.openqa.selenium.remote.ProtocolHandshake createSession
INFO: Detected dialect: W3C
TEST SUCCESS
]]></system-err>
  </testcase>
  <testcase name="runScenario[&quot;Add a Gift Card to cart&quot;, &quot;Optional[Working on gift card]&quot;](8)" classname="runnerBDD.Runner" time="14.611">
    <system-out><![CDATA[2021.11.20.13.25.07-----------
Test-Report2021.11.20.13.25.07.html
2021-11-20 13:25:10,453 INFO Browser has been invoked 
2021-11-20 13:25:18,210 INFO landed on HomePage 
2021-11-20 13:25:21,113 INFO clicked on gift card 
2021-11-20 13:25:21,373 INFO selected the amount 
2021-11-20 13:25:21,493 INFO added the gift card to the cart 
]]></system-out>
    <system-err><![CDATA[Starting ChromeDriver 96.0.4664.45 (76e4c1bb2ab4671b8beba3444e61c0f17584b2fc-refs/branch-heads/4664@{#947}) on port 18179
Only local connections are allowed.
Please see https://chromedriver.chromium.org/security-considerations for suggestions on keeping ChromeDriver safe.
ChromeDriver was started successfully.
Nov 20, 2021 1:25:10 PM org.openqa.selenium.remote.ProtocolHandshake createSession
INFO: Detected dialect: W3C
TEST SUCCESS
]]></system-err>
  </testcase>
  <testcase name="runScenario[&quot;Adding item to wishlist&quot;, &quot;Optional[Working on Wishlist]&quot;](9)" classname="runnerBDD.Runner" time="24.892">
    <system-out><![CDATA[2021.11.20.13.25.21-----------
Test-Report2021.11.20.13.25.21.html
2021-11-20 13:25:23,139 INFO Browser has been invoked 
2021-11-20 13:25:28,939 INFO landed on HomePage 
2021-11-20 13:25:28,941 INFO landed on All of It page 
2021-11-20 13:25:42,179 INFO Selected the item 
2021-11-20 13:25:42,569 INFO added to wish list 
]]></system-out>
    <system-err><![CDATA[Starting ChromeDriver 96.0.4664.45 (76e4c1bb2ab4671b8beba3444e61c0f17584b2fc-refs/branch-heads/4664@{#947}) on port 27390
Only local connections are allowed.
Please see https://chromedriver.chromium.org/security-considerations for suggestions on keeping ChromeDriver safe.
ChromeDriver was started successfully.
Nov 20, 2021 1:25:23 PM org.openqa.selenium.remote.ProtocolHandshake createSession
INFO: Detected dialect: W3C
TEST SUCCESS
]]></system-err>
  </testcase>
  <testcase name="runScenario[&quot;Validating the heading&quot;, &quot;Optional[Working on assertions]&quot;](10)" classname="runnerBDD.Runner" time="15.646">
    <system-out><![CDATA[2021.11.20.13.25.46-----------
Test-Report2021.11.20.13.25.46.html
2021-11-20 13:25:49,310 INFO Browser has been invoked 
2021-11-20 13:25:55,264 INFO landed on HomePage 
2021-11-20 13:25:58,136 INFO Clicked on the Shipping & deliver Policy link 
2021-11-20 13:25:58,236 INFO Got the heading 
2021-11-20 13:25:58,239 INFO Heading checking done 
Equal
]]></system-out>
    <system-err><![CDATA[Starting ChromeDriver 96.0.4664.45 (76e4c1bb2ab4671b8beba3444e61c0f17584b2fc-refs/branch-heads/4664@{#947}) on port 17967
Only local connections are allowed.
Please see https://chromedriver.chromium.org/security-considerations for suggestions on keeping ChromeDriver safe.
ChromeDriver was started successfully.
Nov 20, 2021 1:25:49 PM org.openqa.selenium.remote.ProtocolHandshake createSession
INFO: Detected dialect: W3C
TEST SUCCESS
]]></system-err>
  </testcase>
</testsuite>