<?xml version="1.0" encoding="UTF-8"?>
<!-- Generated by org.testng.reporters.JUnitReportReporter -->
<testsuite skipped="0" hostname="DESKTOP-ATUIG88" name="runnerBDD.Runner" tests="10" failures="0" timestamp="20 Nov 2021 07:56:03 GMT" time="162.665" errors="0">
  <testcase name="runScenario" time="14.065" classname="runnerBDD.Runner"/>
  <testcase name="runScenario" time="15.101" classname="runnerBDD.Runner"/>
  <testcase name="runScenario" time="16.302" classname="runnerBDD.Runner"/>
  <testcase name="runScenario" time="11.530" classname="runnerBDD.Runner"/>
  <testcase name="runScenario" time="15.486" classname="runnerBDD.Runner"/>
  <testcase name="runScenario" time="24.256" classname="runnerBDD.Runner"/>
  <testcase name="runScenario" time="11.149" classname="runnerBDD.Runner"/>
  <testcase name="runScenario" time="14.294" classname="runnerBDD.Runner"/>
  <testcase name="runScenario" time="20.781" classname="runnerBDD.Runner"/>
  <testcase name="runScenario" time="19.701" classname="runnerBDD.Runner"/>
</testsuite> <!-- runnerBDD.Runner -->
